<?xml version="1.0" encoding="UTF-8"?>
<!-- Generated by org.testng.reporters.JUnitXMLReporter -->
<testsuite hostname="DESKTOP-VMETACK" ignored="0" name="Command line test" tests="4" failures="0" timestamp="2021-11-12T11:58:53 IST" time="0.119" errors="0">
  <testcase name="demo" time="0.017" classname="mavenpracTest.MavenfirstTest"/>
  <testcase name="demo" time="0.0" classname="mavenpracTest.maventhirdTest"/>
  <testcase name="demo1" time="0.001" classname="mavenpracTest.maven_secondTest"/>
  <testcase name="demo" time="0.0" classname="mavenpracTest.SmokeTest"/>
</testsuite> <!-- Command line test -->
