<?xml version="1.0" encoding="UTF-8"?>
<!-- Generated by org.testng.reporters.JUnitXMLReporter -->
<testsuite hostname="DESKTOP-VMETACK" ignored="1" name="Test" tests="1" failures="0" timestamp="2021-11-14T11:37:21 IST" time="164.419" errors="0">
  <testcase name="Organization" time="51.908" classname="com.crm.comcast.OrgnizationTest.Organization_contactTest"/>
  <testcase name="CreatContact" time="0.0" classname="com.crm.comcast.OrgnizationTest.Organization_contactTest">
    <ignored/>
  </testcase> <!-- CreatContact -->
</testsuite> <!-- Test -->
