<?xml version="1.0" encoding="UTF-8"?>
<testng-results ignored="0" total="2" passed="2" failed="0" skipped="0">
  <reporter-output>
  </reporter-output>
  <suite started-at="2021-11-11T14:33:52 IST" name="Suite" finished-at="2021-11-11T14:33:52 IST" duration-ms="77">
    <groups>
    </groups>
    <test started-at="2021-11-11T14:33:52 IST" name="Test" finished-at="2021-11-11T14:33:52 IST" duration-ms="77">
      <class name="mavenpracTest.MavenfirstTest">
        <test-method signature="demo()[pri:0, instance:mavenpracTest.MavenfirstTest@57af006c]" started-at="2021-11-11T14:33:52 IST" name="demo" finished-at="2021-11-11T14:33:52 IST" duration-ms="2" status="PASS">
          <reporter-output>
          </reporter-output>
        </test-method> <!-- demo -->
      </class> <!-- mavenpracTest.MavenfirstTest -->
      <class name="mavenpracTest.maventhirdTest">
        <test-method signature="demo()[pri:0, instance:mavenpracTest.maventhirdTest@1e6454ec]" started-at="2021-11-11T14:33:52 IST" name="demo" finished-at="2021-11-11T14:33:52 IST" duration-ms="13" status="PASS">
          <reporter-output>
          </reporter-output>
        </test-method> <!-- demo -->
      </class> <!-- mavenpracTest.maventhirdTest -->
    </test> <!-- Test -->
  </suite> <!-- Suite -->
</testng-results>
