<?xml version="1.0" encoding="UTF-8"?>
<!-- Generated by org.testng.reporters.JUnitXMLReporter -->
<testsuite ignored="0" hostname="DESKTOP-VMETACK" failures="0" tests="4" name="TestNG" time="181.718" errors="0" timestamp="2021-11-03T10:29:11 IST">
  <testcase classname="com.crm.comcast.OrgnizationTest.ContactTest" name="Contact_Test" time="97.966"/>
  <testcase classname="com.crm.comcast.OrgnizationTest.Organization_Test" name="OrganizationTest" time="25.161"/>
  <testcase classname="com.crm.comcast.OrgnizationTest.OrganizationIndustryTypeTest" name="Organization_IndustryTypeTest" time="22.198"/>
  <testcase classname="com.crm.comcast.OrgnizationTest.ContactwithOrganizationTest" name="ContactwithOrganization" time="36.29"/>
</testsuite> <!-- TestNG -->
