<?xml version="1.0" encoding="UTF-8"?>
<!-- Generated by org.testng.reporters.JUnitXMLReporter -->
<testsuite ignored="0" hostname="DESKTOP-VMETACK" failures="0" tests="3" name="TestRunner-firefox" time="127.894" errors="0" timestamp="2021-11-08T15:37:13 IST">
  <testcase classname="com.crm.comcast.genericUtility.Baseclass" name="@AfterMethod ConfigSignOut" time="2.998">
    <failure type="org.openqa.selenium.StaleElementReferenceException" message="The element reference of &amp;lt;img src=&amp;quot;themes/softed/images/user.PNG&amp;quot;&amp;gt; is stale; either the element is no longer attached to the DOM, it is not in the current frame context, or the document has been refreshed
For documentation on this error, please visit: https://www.seleniumhq.org/exceptions/stale_element_reference.html
Build info: version: &amp;apos;3.141.59&amp;apos;, revision: &amp;apos;e82be7d358&amp;apos;, time: &amp;apos;2018-11-14T08:17:03&amp;apos;
System info: host: &amp;apos;DESKTOP-VMETACK&amp;apos;, ip: &amp;apos;192.168.34.203&amp;apos;, os.name: &amp;apos;Windows 10&amp;apos;, os.arch: &amp;apos;amd64&amp;apos;, os.version: &amp;apos;10.0&amp;apos;, java.version: &amp;apos;16.0.2&amp;apos;
Driver info: org.openqa.selenium.firefox.FirefoxDriver
Capabilities {acceptInsecureCerts: true, browserName: firefox, browserVersion: 93.0, javascriptEnabled: true, moz:accessibilityChecks: false, moz:buildID: 20210927210923, moz:geckodriverVersion: 0.29.1, moz:headless: false, moz:processID: 10296, moz:profile: C:\Users\mabasha\AppData\Lo..., moz:shutdownTimeout: 60000, moz:useNonSpecCompliantPointerOrigin: false, moz:webdriverClick: true, pageLoadStrategy: normal, platform: WINDOWS, platformName: WINDOWS, platformVersion: 10.0, proxy: Proxy(), setWindowRect: true, strictFileInteractability: false, timeouts: {implicit: 0, pageLoad: 300000, script: 30000}, unhandledPromptBehavior: dismiss and notify}
Session ID: 461e3c34-0912-4a9d-967d-96c82f094a62">
      <![CDATA[org.openqa.selenium.StaleElementReferenceException: The element reference of <img src="themes/softed/images/user.PNG"> is stale; either the element is no longer attached to the DOM, it is not in the current frame context, or the document has been refreshed
For documentation on this error, please visit: https://www.seleniumhq.org/exceptions/stale_element_reference.html
Build info: version: '3.141.59', revision: 'e82be7d358', time: '2018-11-14T08:17:03'
System info: host: 'DESKTOP-VMETACK', ip: '192.168.34.203', os.name: 'Windows 10', os.arch: 'amd64', os.version: '10.0', java.version: '16.0.2'
Driver info: org.openqa.selenium.firefox.FirefoxDriver
Capabilities {acceptInsecureCerts: true, browserName: firefox, browserVersion: 93.0, javascriptEnabled: true, moz:accessibilityChecks: false, moz:buildID: 20210927210923, moz:geckodriverVersion: 0.29.1, moz:headless: false, moz:processID: 10296, moz:profile: C:\Users\mabasha\AppData\Lo..., moz:shutdownTimeout: 60000, moz:useNonSpecCompliantPointerOrigin: false, moz:webdriverClick: true, pageLoadStrategy: normal, platform: WINDOWS, platformName: WINDOWS, platformVersion: 10.0, proxy: Proxy(), setWindowRect: true, strictFileInteractability: false, timeouts: {implicit: 0, pageLoad: 300000, script: 30000}, unhandledPromptBehavior: dismiss and notify}
Session ID: 461e3c34-0912-4a9d-967d-96c82f094a62
at org.openqa.selenium.remote.http.W3CHttpResponseCodec.createException(W3CHttpResponseCodec.java:187)
at org.openqa.selenium.remote.http.W3CHttpResponseCodec.decode(W3CHttpResponseCodec.java:122)
at org.openqa.selenium.remote.http.W3CHttpResponseCodec.decode(W3CHttpResponseCodec.java:49)
at org.openqa.selenium.remote.HttpCommandExecutor.execute(HttpCommandExecutor.java:158)
at org.openqa.selenium.remote.service.DriverCommandExecutor.execute(DriverCommandExecutor.java:83)
at org.openqa.selenium.remote.RemoteWebDriver.execute(RemoteWebDriver.java:552)
at org.openqa.selenium.remote.RemoteWebDriver.perform(RemoteWebDriver.java:618)
at org.openqa.selenium.interactions.Actions$BuiltAction.perform(Actions.java:639)
at org.openqa.selenium.interactions.Actions.perform(Actions.java:595)
at com.crm.comcast.pomrepositylib.Home.move_element(Home.java:40)
at com.crm.comcast.genericUtility.Baseclass.ConfigSignOut(Baseclass.java:64)
at java.base/java.util.ArrayList.forEach(ArrayList.java:1511)
at java.base/java.util.concurrent.FutureTask.run(FutureTask.java:264)
at java.base/java.util.concurrent.ThreadPoolExecutor.runWorker(ThreadPoolExecutor.java:1130)
at java.base/java.util.concurrent.ThreadPoolExecutor$Worker.run(ThreadPoolExecutor.java:630)
at java.base/java.lang.Thread.run(Thread.java:831)
... Removed 28 stack frames]]>
    </failure>
  </testcase> <!-- @AfterMethod ConfigSignOut -->
  <testcase classname="com.crm.comcast.genericUtility.Baseclass" name="@BeforeMethod ConfigLogin" time="-1.636366033184E9">
    <skipped/>
  </testcase> <!-- @BeforeMethod ConfigLogin -->
  <testcase classname="com.crm.comcast.genericUtility.Baseclass" name="@AfterMethod ConfigSignOut" time="-1.636366033222E9">
    <skipped/>
  </testcase> <!-- @AfterMethod ConfigSignOut -->
  <testcase classname="com.crm.comcast.genericUtility.Baseclass" name="@BeforeMethod ConfigLogin" time="-1.636366033226E9">
    <skipped/>
  </testcase> <!-- @BeforeMethod ConfigLogin -->
  <testcase classname="com.crm.comcast.genericUtility.Baseclass" name="@AfterMethod ConfigSignOut" time="-1.636366033258E9">
    <skipped/>
  </testcase> <!-- @AfterMethod ConfigSignOut -->
  <testcase classname="com.crm.comcast.genericUtility.Baseclass" name="@AfterClass ConfigCloseBrowser" time="-1.636366033266E9">
    <skipped/>
  </testcase> <!-- @AfterClass ConfigCloseBrowser -->
  <testcase classname="com.crm.comcast.OrgnizationTest.OrgIdustry_Contact" name="Contact_Organization" time="70.288"/>
  <testcase classname="com.crm.comcast.OrgnizationTest.OrgIdustry_Contact" name="Organization_industry" time="0.0">
    <skipped/>
  </testcase> <!-- Organization_industry -->
  <testcase classname="com.crm.comcast.OrgnizationTest.OrgIdustry_Contact" name="RegionalTet" time="0.0">
    <skipped/>
  </testcase> <!-- RegionalTet -->
</testsuite> <!-- TestRunner-firefox -->
