<?xml version="1.0" encoding="UTF-8"?>
<!-- Generated by org.testng.reporters.JUnitXMLReporter -->
<testsuite ignored="0" hostname="DESKTOP-VMETACK" failures="0" tests="2" name="TestRunner-1" time="46.818" errors="0" timestamp="2021-11-08T14:53:58 IST">
  <testcase classname="com.crm.comcast.OrgnizationTest.Organization_contactTest" name="CreatContact" time="17.409"/>
  <testcase classname="com.crm.comcast.OrgnizationTest.Organization_contactTest" name="Organization" time="10.034"/>
</testsuite> <!-- TestRunner-1 -->
