<?xml version="1.0" encoding="UTF-8"?>
<!-- Generated by org.testng.reporters.JUnitXMLReporter -->
<testsuite ignored="0" hostname="DESKTOP-VMETACK" failures="0" tests="2" name="Test" time="149.246" errors="0" timestamp="2021-11-08T22:13:49 IST">
  <testcase classname="com.crm.comcast.OrgnizationTest.Organization_contactTest" name="CreatContact" time="61.561"/>
  <testcase classname="com.crm.comcast.OrgnizationTest.Organization_contactTest" name="Organization" time="9.972"/>
</testsuite> <!-- Test -->
