<?xml version="1.0" encoding="UTF-8"?>
<!-- Generated by org.testng.reporters.JUnitXMLReporter -->
<testsuite ignored="0" hostname="DESKTOP-VMETACK" failures="0" tests="3" name="TestRunner-2" time="74.768" errors="0" timestamp="2021-11-08T14:54:26 IST">
  <testcase classname="com.crm.comcast.OrgnizationTest.OrgIdustry_Contact" name="Contact_Organization" time="33.712"/>
  <testcase classname="com.crm.comcast.OrgnizationTest.OrgIdustry_Contact" name="Organization_industry" time="13.199"/>
  <testcase classname="com.crm.comcast.OrgnizationTest.OrgIdustry_Contact" name="RegionalTet" time="0.001"/>
</testsuite> <!-- TestRunner-2 -->
