<?xml version="1.0" encoding="UTF-8"?>
<testng-results ignored="0" total="1" passed="1" failed="0" skipped="0">
  <reporter-output>
  </reporter-output>
  <suite started-at="2021-11-12T10:02:43 IST" name="Default suite" finished-at="2021-11-12T10:02:43 IST" duration-ms="72">
    <groups>
    </groups>
    <test started-at="2021-11-12T10:02:43 IST" name="Default test" finished-at="2021-11-12T10:02:43 IST" duration-ms="72">
      <class name="Gitpractiec.Demo2">
        <test-method signature="demoprac()[pri:0, instance:Gitpractiec.Demo2@7671cb68]" started-at="2021-11-12T10:02:43 IST" name="demoprac" finished-at="2021-11-12T10:02:43 IST" duration-ms="12" status="PASS">
          <reporter-output>
          </reporter-output>
        </test-method> <!-- demoprac -->
      </class> <!-- Gitpractiec.Demo2 -->
    </test> <!-- Default test -->
  </suite> <!-- Default suite -->
</testng-results>
