<?xml version="1.0" encoding="UTF-8"?>
<testng-results skipped="0" failed="0" ignored="0" total="4" passed="4">
  <reporter-output>
  </reporter-output>
  <suite name="Command line suite" duration-ms="119" started-at="2021-11-12T11:58:52 IST" finished-at="2021-11-12T11:58:52 IST">
    <groups>
    </groups>
    <test name="Command line test" duration-ms="119" started-at="2021-11-12T11:58:52 IST" finished-at="2021-11-12T11:58:52 IST">
      <class name="mavenpracTest.MavenfirstTest">
        <test-method status="PASS" signature="demo()[pri:0, instance:mavenpracTest.MavenfirstTest@6500df86]" name="demo" duration-ms="17" started-at="2021-11-12T11:58:52 IST" finished-at="2021-11-12T11:58:52 IST">
          <reporter-output>
          </reporter-output>
        </test-method> <!-- demo -->
      </class> <!-- mavenpracTest.MavenfirstTest -->
      <class name="mavenpracTest.maventhirdTest">
        <test-method status="PASS" signature="demo()[pri:0, instance:mavenpracTest.maventhirdTest@31a5c39e]" name="demo" duration-ms="0" started-at="2021-11-12T11:58:52 IST" finished-at="2021-11-12T11:58:52 IST">
          <reporter-output>
          </reporter-output>
        </test-method> <!-- demo -->
      </class> <!-- mavenpracTest.maventhirdTest -->
      <class name="mavenpracTest.maven_secondTest">
        <test-method status="PASS" signature="demo1()[pri:0, instance:mavenpracTest.maven_secondTest@3f49dace]" name="demo1" duration-ms="1" started-at="2021-11-12T11:58:52 IST" finished-at="2021-11-12T11:58:52 IST">
          <reporter-output>
          </reporter-output>
        </test-method> <!-- demo1 -->
      </class> <!-- mavenpracTest.maven_secondTest -->
      <class name="mavenpracTest.SmokeTest">
        <test-method status="PASS" signature="demo()[pri:0, instance:mavenpracTest.SmokeTest@1e397ed7]" name="demo" duration-ms="0" started-at="2021-11-12T11:58:52 IST" finished-at="2021-11-12T11:58:52 IST">
          <reporter-output>
          </reporter-output>
        </test-method> <!-- demo -->
      </class> <!-- mavenpracTest.SmokeTest -->
    </test> <!-- Command line test -->
  </suite> <!-- Command line suite -->
</testng-results>
